[debug] [2021-04-01T13:09:08.527Z] ----------------------------------------------------------------------
[debug] [2021-04-01T13:09:08.529Z] Command:       C:\Program Files\nodejs\node.exe C:\Users\Jamil\AppData\Roaming\npm\node_modules\firebase-tools\lib\bin\firebase.js deploy
[debug] [2021-04-01T13:09:08.530Z] CLI Version:   9.8.0
[debug] [2021-04-01T13:09:08.530Z] Platform:      win32
[debug] [2021-04-01T13:09:08.530Z] Node Version:  v14.16.0
[debug] [2021-04-01T13:09:08.531Z] Time:          Thu Apr 01 2021 19:09:08 GMT+0600 (Bangladesh Standard Time)
[debug] [2021-04-01T13:09:08.531Z] ----------------------------------------------------------------------
[debug] 
[debug] [2021-04-01T13:09:08.540Z] > command requires scopes: ["email","openid","https://www.googleapis.com/auth/cloudplatformprojects.readonly","https://www.googleapis.com/auth/firebase","https://www.googleapis.com/auth/cloud-platform"]
[debug] [2021-04-01T13:09:08.541Z] > authorizing via signed-in user
[debug] [2021-04-01T13:09:08.541Z] [iam] checking project freash-valley for permissions ["firebase.projects.get","firebasehosting.sites.update"]
[debug] [2021-04-01T13:09:08.544Z] > refreshing access token with scopes: ["email","https://www.googleapis.com/auth/cloud-platform","https://www.googleapis.com/auth/cloudplatformprojects.readonly","https://www.googleapis.com/auth/firebase","openid"]
[debug] [2021-04-01T13:09:08.544Z] >>> HTTP REQUEST POST https://www.googleapis.com/oauth2/v3/token  
 <request body omitted>
[debug] [2021-04-01T13:09:08.839Z] <<< HTTP RESPONSE 200 {"pragma":"no-cache","date":"Thu, 01 Apr 2021 13:09:08 GMT","expires":"Mon, 01 Jan 1990 00:00:00 GMT","cache-control":"no-cache, no-store, max-age=0, must-revalidate","content-type":"application/json; charset=utf-8","vary":"X-Origin, Referer, Origin,Accept-Encoding","server":"scaffolding on HTTPServer2","x-xss-protection":"0","x-frame-options":"SAMEORIGIN","x-content-type-options":"nosniff","alt-svc":"h3-29=\":443\"; ma=2592000,h3-T051=\":443\"; ma=2592000,h3-Q050=\":443\"; ma=2592000,h3-Q046=\":443\"; ma=2592000,h3-Q043=\":443\"; ma=2592000,quic=\":443\"; ma=2592000; v=\"46,43\"","accept-ranges":"none","transfer-encoding":"chunked"}
[debug] [2021-04-01T13:09:08.879Z] >>> HTTP REQUEST POST https://cloudresourcemanager.googleapis.com/v1/projects/freash-valley:testIamPermissions  
 {"permissions":["firebase.projects.get","firebasehosting.sites.update"]}
[debug] [2021-04-01T13:09:10.454Z] <<< HTTP RESPONSE 200 {"content-type":"application/json; charset=UTF-8","vary":"X-Origin, Referer, Origin,Accept-Encoding","date":"Thu, 01 Apr 2021 13:09:10 GMT","server":"ESF","cache-control":"private","x-xss-protection":"0","x-frame-options":"SAMEORIGIN","x-content-type-options":"nosniff","server-timing":"gfet4t7; dur=1172","alt-svc":"h3-29=\":443\"; ma=2592000,h3-T051=\":443\"; ma=2592000,h3-Q050=\":443\"; ma=2592000,h3-Q046=\":443\"; ma=2592000,h3-Q043=\":443\"; ma=2592000,quic=\":443\"; ma=2592000; v=\"46,43\"","accept-ranges":"none","transfer-encoding":"chunked"}
[debug] [2021-04-01T13:09:10.456Z] > refreshing access token with scopes: []
[debug] [2021-04-01T13:09:10.456Z] >>> HTTP REQUEST POST https://www.googleapis.com/oauth2/v3/token  
 <request body omitted>
[debug] [2021-04-01T13:09:10.863Z] <<< HTTP RESPONSE 200 {"date":"Thu, 01 Apr 2021 13:09:10 GMT","cache-control":"no-cache, no-store, max-age=0, must-revalidate","pragma":"no-cache","expires":"Mon, 01 Jan 1990 00:00:00 GMT","content-type":"application/json; charset=utf-8","vary":"X-Origin, Referer, Origin,Accept-Encoding","server":"scaffolding on HTTPServer2","x-xss-protection":"0","x-frame-options":"SAMEORIGIN","x-content-type-options":"nosniff","alt-svc":"h3-29=\":443\"; ma=2592000,h3-T051=\":443\"; ma=2592000,h3-Q050=\":443\"; ma=2592000,h3-Q046=\":443\"; ma=2592000,h3-Q043=\":443\"; ma=2592000,quic=\":443\"; ma=2592000; v=\"46,43\"","accept-ranges":"none","transfer-encoding":"chunked"}
[debug] [2021-04-01T13:09:10.886Z] >>> [apiv2][query] GET https://firebase.googleapis.com/v1beta1/projects/freash-valley [none]
[debug] [2021-04-01T13:09:11.508Z] <<< [apiv2][status] GET https://firebase.googleapis.com/v1beta1/projects/freash-valley 200
[debug] [2021-04-01T13:09:11.508Z] <<< [apiv2][body] GET https://firebase.googleapis.com/v1beta1/projects/freash-valley {"projectId":"freash-valley","projectNumber":"119607190295","displayName":"freash-valley","name":"projects/freash-valley","resources":{"hostingSite":"freash-valley"},"state":"ACTIVE"}
[info] 
[info] === Deploying to 'freash-valley'...
[info] 
[info] i  deploying hosting 
[debug] [2021-04-01T13:09:11.513Z] > refreshing access token with scopes: ["email","https://www.googleapis.com/auth/cloud-platform","https://www.googleapis.com/auth/cloudplatformprojects.readonly","https://www.googleapis.com/auth/firebase","openid"]
[debug] [2021-04-01T13:09:11.513Z] >>> HTTP REQUEST POST https://www.googleapis.com/oauth2/v3/token  
 <request body omitted>
[debug] [2021-04-01T13:09:11.909Z] <<< HTTP RESPONSE 200 {"pragma":"no-cache","date":"Thu, 01 Apr 2021 13:09:11 GMT","expires":"Mon, 01 Jan 1990 00:00:00 GMT","cache-control":"no-cache, no-store, max-age=0, must-revalidate","content-type":"application/json; charset=utf-8","vary":"X-Origin, Referer, Origin,Accept-Encoding","server":"scaffolding on HTTPServer2","x-xss-protection":"0","x-frame-options":"SAMEORIGIN","x-content-type-options":"nosniff","alt-svc":"h3-29=\":443\"; ma=2592000,h3-T051=\":443\"; ma=2592000,h3-Q050=\":443\"; ma=2592000,h3-Q046=\":443\"; ma=2592000,h3-Q043=\":443\"; ma=2592000,quic=\":443\"; ma=2592000; v=\"46,43\"","accept-ranges":"none","transfer-encoding":"chunked"}
[debug] [2021-04-01T13:09:11.964Z] >>> HTTP REQUEST POST https://firebasehosting.googleapis.com/v1beta1/sites/freash-valley/versions  
 {"config":{},"labels":{"deployment-tool":"cli-firebase"}}
[debug] [2021-04-01T13:09:13.881Z] <<< HTTP RESPONSE 200 {"content-type":"application/json; charset=UTF-8","vary":"X-Origin, Referer, Origin,Accept-Encoding","date":"Thu, 01 Apr 2021 13:09:13 GMT","server":"ESF","cache-control":"private","x-xss-protection":"0","x-frame-options":"SAMEORIGIN","x-content-type-options":"nosniff","alt-svc":"h3-29=\":443\"; ma=2592000,h3-T051=\":443\"; ma=2592000,h3-Q050=\":443\"; ma=2592000,h3-Q046=\":443\"; ma=2592000,h3-Q043=\":443\"; ma=2592000,quic=\":443\"; ma=2592000; v=\"46,43\"","accept-ranges":"none","transfer-encoding":"chunked"}
[info] i  hosting[freash-valley]: beginning deploy... 
[info] i  hosting[freash-valley]: found 18 files in build 
[debug] [2021-04-01T13:09:14.272Z] > refreshing access token with scopes: []
[debug] [2021-04-01T13:09:14.272Z] >>> HTTP REQUEST POST https://www.googleapis.com/oauth2/v3/token  
 <request body omitted>
[debug] [2021-04-01T13:09:14.275Z] [hosting] hash cache [YnVpbGQ] stored for 18 files
[debug] [2021-04-01T13:09:14.275Z] [hosting][hash queue][FINAL] {"max":369,"min":4,"avg":34.388888888888886,"active":0,"complete":18,"success":18,"errored":0,"retried":0,"total":18,"elapsed":378}
[debug] [2021-04-01T13:09:14.870Z] <<< HTTP RESPONSE 200 {"pragma":"no-cache","cache-control":"no-cache, no-store, max-age=0, must-revalidate","date":"Thu, 01 Apr 2021 13:09:14 GMT","expires":"Mon, 01 Jan 1990 00:00:00 GMT","content-type":"application/json; charset=utf-8","vary":"X-Origin, Referer, Origin,Accept-Encoding","server":"scaffolding on HTTPServer2","x-xss-protection":"0","x-frame-options":"SAMEORIGIN","x-content-type-options":"nosniff","alt-svc":"h3-29=\":443\"; ma=2592000,h3-T051=\":443\"; ma=2592000,h3-Q050=\":443\"; ma=2592000,h3-Q046=\":443\"; ma=2592000,h3-Q043=\":443\"; ma=2592000,quic=\":443\"; ma=2592000; v=\"46,43\"","accept-ranges":"none","transfer-encoding":"chunked"}
[debug] [2021-04-01T13:09:14.897Z] >>> [apiv2][query] POST https://firebasehosting.googleapis.com/v1beta1/sites/freash-valley/versions/8441493ef20944b7:populateFiles [none]
[debug] [2021-04-01T13:09:14.897Z] >>> [apiv2][body] POST https://firebasehosting.googleapis.com/v1beta1/sites/freash-valley/versions/8441493ef20944b7:populateFiles {"files":{"/favicon.ico":"eae62e993eb980ec8a25058c39d5a51feab118bd2100c4deebb2a9c158ec11f9","/logo192.png":"3ee59515172ee198f3be375979df15ac5345183e656720a381b8872b2a39dc8b","/logo512.png":"ee7e2f3fdb8209c4b6fd7bef6ba50d1b9dba30a25bb5c3126df057e1cb6f5331","/manifest.json":"aff3449bdc238776f5d6d967f19ec491b36aed5fb7f23ccff6500736fd58494a","/robots.txt":"bfe106a3fb878dc83461c86818bf74fc1bdc7f28538ba613cd3e775516ce8b49","/asset-manifest.json":"140b2c1f4b4b575677c19a7970de03dde6ad77d40958f4c7072849b2286fe6cc","/index.html":"9b665427b080ff68c9093d5af61d31fec82034e3efa1008eb18175f5a68bef1c","/static/css/main.9f87d233.chunk.css":"76c1fb7e2a1342c724b6f2e3ed22287434100d745c50417a17e129bb3bd6e8f0","/static/css/main.9f87d233.chunk.css.map":"2ebfedb92276fdc6a9ece2810fd1ded632e4f2c884a066e84dfd16aa2ac86c36","/static/js/2.1ba11644.chunk.js.LICENSE.txt":"e03a33fe70408dcd356d558ad811b29160edefe37c8ac6366ad4bd9f3318e37e","/static/js/main.0fc529d9.chunk.js":"f504370412991a8c1f270acf2c00abf9fc80d0e65d806d6942a1881459d83ed7","/static/js/runtime-main.8a8a1b46.js.map":"e80b9e77cf67cb4239662e6cb0d0d1b8d4e8068b5f2fea01edb7a192f8c82d57","/static/js/runtime-main.8a8a1b46.js":"acca293fe7993debe839aca13d259ba191b21ab84f0f2be920fc98581c1a49b6","/static/js/main.0fc529d9.chunk.js.map":"cd7847a4141b86b3d7ba1c1a1534b6ddfa4ba5820aec38c21a38210d2f763c41","/static/css/2.65af8127.chunk.css":"b3258ca58d9258c4df0521bbf9c61a2958452782b731a30b9f246f45b46c5fc9","/static/css/2.65af8127.chunk.css.map":"94dac5c3ae4cc728fcea4b10dc778170ad220c99802041b8c855e9c75a180441","/static/js/2.1ba11644.chunk.js":"cd6d429aec01f04b3f8b9fb33f8408d915cacef9c5e1146bbfa77cc3cabce1b8","/static/js/2.1ba11644.chunk.js.map":"b8eedfa32c58419170501aa4d5ad2e25c3c55f447a2f78ae12931ef55210de48"}}
[debug] [2021-04-01T13:09:18.038Z] <<< [apiv2][status] POST https://firebasehosting.googleapis.com/v1beta1/sites/freash-valley/versions/8441493ef20944b7:populateFiles 200
[debug] [2021-04-01T13:09:18.039Z] <<< [apiv2][body] POST https://firebasehosting.googleapis.com/v1beta1/sites/freash-valley/versions/8441493ef20944b7:populateFiles {"uploadRequiredHashes":["140b2c1f4b4b575677c19a7970de03dde6ad77d40958f4c7072849b2286fe6cc","9b665427b080ff68c9093d5af61d31fec82034e3efa1008eb18175f5a68bef1c","f504370412991a8c1f270acf2c00abf9fc80d0e65d806d6942a1881459d83ed7","cd7847a4141b86b3d7ba1c1a1534b6ddfa4ba5820aec38c21a38210d2f763c41"],"uploadUrl":"https://upload-firebasehosting.googleapis.com/upload/sites/freash-valley/versions/8441493ef20944b7/files"}
[debug] [2021-04-01T13:09:18.040Z] >>> [apiv2][query] POST https://upload-firebasehosting.googleapis.com/upload/sites/freash-valley/versions/8441493ef20944b7/files/140b2c1f4b4b575677c19a7970de03dde6ad77d40958f4c7072849b2286fe6cc [none]
[debug] [2021-04-01T13:09:18.041Z] >>> [apiv2][body] POST https://upload-firebasehosting.googleapis.com/upload/sites/freash-valley/versions/8441493ef20944b7/files/140b2c1f4b4b575677c19a7970de03dde6ad77d40958f4c7072849b2286fe6cc [stream]
[debug] [2021-04-01T13:09:18.042Z] >>> [apiv2][query] POST https://upload-firebasehosting.googleapis.com/upload/sites/freash-valley/versions/8441493ef20944b7/files/9b665427b080ff68c9093d5af61d31fec82034e3efa1008eb18175f5a68bef1c [none]
[debug] [2021-04-01T13:09:18.042Z] >>> [apiv2][body] POST https://upload-firebasehosting.googleapis.com/upload/sites/freash-valley/versions/8441493ef20944b7/files/9b665427b080ff68c9093d5af61d31fec82034e3efa1008eb18175f5a68bef1c [stream]
[debug] [2021-04-01T13:09:18.044Z] >>> [apiv2][query] POST https://upload-firebasehosting.googleapis.com/upload/sites/freash-valley/versions/8441493ef20944b7/files/f504370412991a8c1f270acf2c00abf9fc80d0e65d806d6942a1881459d83ed7 [none]
[debug] [2021-04-01T13:09:18.044Z] >>> [apiv2][body] POST https://upload-firebasehosting.googleapis.com/upload/sites/freash-valley/versions/8441493ef20944b7/files/f504370412991a8c1f270acf2c00abf9fc80d0e65d806d6942a1881459d83ed7 [stream]
[debug] [2021-04-01T13:09:18.045Z] >>> [apiv2][query] POST https://upload-firebasehosting.googleapis.com/upload/sites/freash-valley/versions/8441493ef20944b7/files/cd7847a4141b86b3d7ba1c1a1534b6ddfa4ba5820aec38c21a38210d2f763c41 [none]
[debug] [2021-04-01T13:09:18.045Z] >>> [apiv2][body] POST https://upload-firebasehosting.googleapis.com/upload/sites/freash-valley/versions/8441493ef20944b7/files/cd7847a4141b86b3d7ba1c1a1534b6ddfa4ba5820aec38c21a38210d2f763c41 [stream]
[debug] [2021-04-01T13:09:18.046Z] [hosting][populate queue][FINAL] {"max":3769,"min":3769,"avg":3769,"active":0,"complete":1,"success":1,"errored":0,"retried":0,"total":1,"elapsed":3775}
[debug] [2021-04-01T13:09:18.046Z] [hosting] uploads queued: 4
[debug] [2021-04-01T13:09:22.553Z] <<< [apiv2][status] POST https://upload-firebasehosting.googleapis.com/upload/sites/freash-valley/versions/8441493ef20944b7/files/f504370412991a8c1f270acf2c00abf9fc80d0e65d806d6942a1881459d83ed7 200
[debug] [2021-04-01T13:09:22.553Z] <<< [apiv2][body] POST https://upload-firebasehosting.googleapis.com/upload/sites/freash-valley/versions/8441493ef20944b7/files/f504370412991a8c1f270acf2c00abf9fc80d0e65d806d6942a1881459d83ed7 [stream]
[debug] [2021-04-01T13:09:22.554Z] <<< [apiv2][status] POST https://upload-firebasehosting.googleapis.com/upload/sites/freash-valley/versions/8441493ef20944b7/files/9b665427b080ff68c9093d5af61d31fec82034e3efa1008eb18175f5a68bef1c 200
[debug] [2021-04-01T13:09:22.554Z] <<< [apiv2][body] POST https://upload-firebasehosting.googleapis.com/upload/sites/freash-valley/versions/8441493ef20944b7/files/9b665427b080ff68c9093d5af61d31fec82034e3efa1008eb18175f5a68bef1c [stream]
[debug] [2021-04-01T13:09:22.559Z] <<< [apiv2][status] POST https://upload-firebasehosting.googleapis.com/upload/sites/freash-valley/versions/8441493ef20944b7/files/cd7847a4141b86b3d7ba1c1a1534b6ddfa4ba5820aec38c21a38210d2f763c41 200
[debug] [2021-04-01T13:09:22.559Z] <<< [apiv2][body] POST https://upload-firebasehosting.googleapis.com/upload/sites/freash-valley/versions/8441493ef20944b7/files/cd7847a4141b86b3d7ba1c1a1534b6ddfa4ba5820aec38c21a38210d2f763c41 [stream]
[debug] [2021-04-01T13:09:22.620Z] <<< [apiv2][status] POST https://upload-firebasehosting.googleapis.com/upload/sites/freash-valley/versions/8441493ef20944b7/files/140b2c1f4b4b575677c19a7970de03dde6ad77d40958f4c7072849b2286fe6cc 200
[debug] [2021-04-01T13:09:22.620Z] <<< [apiv2][body] POST https://upload-firebasehosting.googleapis.com/upload/sites/freash-valley/versions/8441493ef20944b7/files/140b2c1f4b4b575677c19a7970de03dde6ad77d40958f4c7072849b2286fe6cc [stream]
[debug] [2021-04-01T13:09:22.620Z] [hosting][upload queue][FINAL] {"max":4581,"min":4513,"avg":4531.75,"active":0,"complete":4,"success":4,"errored":0,"retried":0,"total":4,"elapsed":4581}
[info] +  hosting[freash-valley]: file upload complete 
[debug] [2021-04-01T13:09:22.621Z] [hosting] deploy completed after 8739ms
[debug] [2021-04-01T13:09:22.890Z] [
  {
    "config": {
      "public": "build",
      "ignore": [
        "firebase.json",
        "**/.*",
        "**/node_modules/**"
      ],
      "site": "freash-valley"
    },
    "site": "freash-valley",
    "version": "sites/freash-valley/versions/8441493ef20944b7"
  }
]
[info] i  hosting[freash-valley]: finalizing version... 
[debug] [2021-04-01T13:09:22.892Z] > refreshing access token with scopes: ["email","https://www.googleapis.com/auth/cloud-platform","https://www.googleapis.com/auth/cloudplatformprojects.readonly","https://www.googleapis.com/auth/firebase","openid"]
[debug] [2021-04-01T13:09:22.892Z] >>> HTTP REQUEST POST https://www.googleapis.com/oauth2/v3/token  
 <request body omitted>
[debug] [2021-04-01T13:09:23.311Z] <<< HTTP RESPONSE 200 {"cache-control":"no-cache, no-store, max-age=0, must-revalidate","pragma":"no-cache","date":"Thu, 01 Apr 2021 13:09:23 GMT","expires":"Mon, 01 Jan 1990 00:00:00 GMT","content-type":"application/json; charset=utf-8","vary":"X-Origin, Referer, Origin,Accept-Encoding","server":"scaffolding on HTTPServer2","x-xss-protection":"0","x-frame-options":"SAMEORIGIN","x-content-type-options":"nosniff","alt-svc":"h3-29=\":443\"; ma=2592000,h3-T051=\":443\"; ma=2592000,h3-Q050=\":443\"; ma=2592000,h3-Q046=\":443\"; ma=2592000,h3-Q043=\":443\"; ma=2592000,quic=\":443\"; ma=2592000; v=\"46,43\"","accept-ranges":"none","transfer-encoding":"chunked"}
[debug] [2021-04-01T13:09:23.340Z] >>> HTTP REQUEST PATCH https://firebasehosting.googleapis.com/v1beta1/sites/freash-valley/versions/8441493ef20944b7?updateMask=status  
 {"status":"FINALIZED"}
[debug] [2021-04-01T13:09:25.046Z] <<< HTTP RESPONSE 200 {"content-type":"application/json; charset=UTF-8","vary":"X-Origin, Referer, Origin,Accept-Encoding","date":"Thu, 01 Apr 2021 13:09:24 GMT","server":"ESF","cache-control":"private","x-xss-protection":"0","x-frame-options":"SAMEORIGIN","x-content-type-options":"nosniff","alt-svc":"h3-29=\":443\"; ma=2592000,h3-T051=\":443\"; ma=2592000,h3-Q050=\":443\"; ma=2592000,h3-Q046=\":443\"; ma=2592000,h3-Q043=\":443\"; ma=2592000,quic=\":443\"; ma=2592000; v=\"46,43\"","accept-ranges":"none","transfer-encoding":"chunked"}
[debug] [2021-04-01T13:09:25.047Z] [hosting] finalized version for freash-valley: {"name":"sites/freash-valley/versions/8441493ef20944b7","status":"FINALIZED","config":{},"labels":{"deployment-tool":"cli-firebase"},"createTime":"2021-04-01T13:09:13.293527Z","createUser":{"email":"shaikhjamilalrazi@gmail.com"},"finalizeTime":"2021-04-01T13:09:24.645995Z","finalizeUser":{"email":"shaikhjamilalrazi@gmail.com"}}
[info] +  hosting[freash-valley]: version finalized 
[info] i  hosting[freash-valley]: releasing new version... 
[debug] [2021-04-01T13:09:25.049Z] >>> HTTP REQUEST POST https://firebasehosting.googleapis.com/v1beta1/sites/freash-valley/releases?version_name=sites/freash-valley/versions/8441493ef20944b7  
 {"message":null}
[debug] [2021-04-01T13:09:26.782Z] <<< HTTP RESPONSE 200 {"content-type":"application/json; charset=UTF-8","vary":"X-Origin, Referer, Origin,Accept-Encoding","date":"Thu, 01 Apr 2021 13:09:26 GMT","server":"ESF","cache-control":"private","x-xss-protection":"0","x-frame-options":"SAMEORIGIN","x-content-type-options":"nosniff","alt-svc":"h3-29=\":443\"; ma=2592000,h3-T051=\":443\"; ma=2592000,h3-Q050=\":443\"; ma=2592000,h3-Q046=\":443\"; ma=2592000,h3-Q043=\":443\"; ma=2592000,quic=\":443\"; ma=2592000; v=\"46,43\"","accept-ranges":"none","transfer-encoding":"chunked"}
[debug] [2021-04-01T13:09:26.782Z] [hosting] release: {"name":"sites/freash-valley/releases/1617282565938530","version":{"name":"sites/freash-valley/versions/8441493ef20944b7","status":"FINALIZED","config":{},"labels":{"deployment-tool":"cli-firebase"},"createTime":"2021-04-01T13:09:13.293527Z","createUser":{"email":"shaikhjamilalrazi@gmail.com"},"finalizeTime":"2021-04-01T13:09:24.645995Z","finalizeUser":{"email":"shaikhjamilalrazi@gmail.com"},"preview":{}},"type":"DEPLOY","releaseTime":"2021-04-01T13:09:25.938530491Z","releaseUser":{"email":"shaikhjamilalrazi@gmail.com"}}
[info] +  hosting[freash-valley]: release complete 
[info] 
[info] +  Deploy complete! 
[info] 
[info] Project Console: https://console.firebase.google.com/project/freash-valley/overview
[info] Hosting URL: https://freash-valley.web.app
